  [1m[36m (9.0ms)[0m  [1mCREATE TABLE "schema_migrations" ("version" varchar NOT NULL) [0m
  [1m[35m (0.0ms)[0m  select sqlite_version(*)
  [1m[36m (4.0ms)[0m  [1mCREATE UNIQUE INDEX "unique_schema_migrations" ON "schema_migrations" ("version")[0m
  [1m[35mActiveRecord::SchemaMigration Load (0.0ms)[0m  SELECT "schema_migrations".* FROM "schema_migrations"
Migrating to CreateUsers (20150731205514)
  [1m[36m (0.0ms)[0m  [1mbegin transaction[0m
  [1m[35m (1.0ms)[0m  CREATE TABLE "users" ("id" INTEGER PRIMARY KEY AUTOINCREMENT NOT NULL, "email" varchar, "first_name" varchar, "last_name" varchar, "created_at" datetime NOT NULL, "updated_at" datetime NOT NULL) 
  [1m[36mSQL (0.0ms)[0m  [1mINSERT INTO "schema_migrations" ("version") VALUES (?)[0m  [["version", "20150731205514"]]
  [1m[35m (4.0ms)[0m  commit transaction
  [1m[36mActiveRecord::SchemaMigration Load (0.0ms)[0m  [1mSELECT "schema_migrations".* FROM "schema_migrations"[0m


Started GET "/" for ::1 at 2015-08-01 08:58:49 +1200
  [1m[36mActiveRecord::SchemaMigration Load (0.0ms)[0m  [1mSELECT "schema_migrations".* FROM "schema_migrations"[0m
Processing by Rails::WelcomeController#index as HTML
  Rendered C:/row/Ruby200/lib/ruby/gems/2.0.0/gems/railties-4.2.3/lib/rails/templates/rails/welcome/index.html.erb (4.0ms)
Completed 200 OK in 35ms (Views: 21.0ms | ActiveRecord: 0.0ms)


Started GET "/users" for ::1 at 2015-08-01 09:00:24 +1200
Processing by UsersController#index as HTML
  [1m[35mUser Load (1.0ms)[0m  SELECT "users".* FROM "users"
  Rendered users/index.html.erb within layouts/application (2.0ms)
Completed 200 OK in 1649ms (Views: 1620.1ms | ActiveRecord: 1.0ms)


Started GET "/assets/scaffolds.self-2cd42897aaaa0dd5292f8212b2f6149d02c9c821219633fb7b35f31752ea4158.css?body=1" for ::1 at 2015-08-01 09:00:26 +1200


Started GET "/assets/jquery.self-d03a5518f45df77341bdbe6201ba3bfa547ebba8ed64f0ea56bfa5f96ea7c074.js?body=1" for ::1 at 2015-08-01 09:00:26 +1200


Started GET "/assets/application.self-e80e8f2318043e8af94dddc2adad5a4f09739a8ebb323b3ab31cd71d45fd9113.css?body=1" for ::1 at 2015-08-01 09:00:26 +1200


Started GET "/assets/users.self-e3b0c44298fc1c149afbf4c8996fb92427ae41e4649b934ca495991b7852b855.css?body=1" for ::1 at 2015-08-01 09:00:26 +1200


Started GET "/assets/jquery_ujs.self-ca5248a2fad13d6bd58ea121318d642f195f0b2dd818b30615f785ff365e8d1f.js?body=1" for ::1 at 2015-08-01 09:00:26 +1200


Started GET "/assets/turbolinks.self-c37727e9bd6b2735da5c311aa83fead54ed0be6cc8bd9a65309e9c5abe2cbfff.js?body=1" for ::1 at 2015-08-01 09:00:26 +1200


Started GET "/assets/users.self-877aef30ae1b040ab8a3aba4e3e309a11d7f2612f44dde450b5c157aa5f95c05.js?body=1" for ::1 at 2015-08-01 09:00:26 +1200


Started GET "/assets/application.self-3b8dabdc891efe46b9a144b400ad69e37d7e5876bdc39dee783419a69d7ca819.js?body=1" for ::1 at 2015-08-01 09:00:26 +1200


Started GET "/users/new" for ::1 at 2015-08-01 09:03:31 +1200
Processing by UsersController#new as HTML
  Rendered users/_form.html.erb (69.0ms)
  Rendered users/new.html.erb within layouts/application (78.0ms)
Completed 200 OK in 156ms (Views: 148.0ms | ActiveRecord: 1.0ms)


Started POST "/users" for ::1 at 2015-08-01 09:03:42 +1200
Processing by UsersController#create as HTML
  Parameters: {"utf8"=>"✓", "authenticity_token"=>"M+3rDakfgqbtG4znZIawj8ITkCMynZ1TxJlAfafjMA/6fUp+PnmLSSpF17NJA0+9Skqg1WEQ6BrGJfO+UTe8wg==", "user"=>{"email"=>"tommarkallen@gmail.com", "first_name"=>"Tom", "last_name"=>"Allen"}, "commit"=>"Create User"}
  [1m[36m (0.0ms)[0m  [1mbegin transaction[0m
  [1m[35mSQL (1.0ms)[0m  INSERT INTO "users" ("email", "first_name", "last_name", "created_at", "updated_at") VALUES (?, ?, ?, ?, ?)  [["email", "tommarkallen@gmail.com"], ["first_name", "Tom"], ["last_name", "Allen"], ["created_at", "2015-07-31 21:03:42.493394"], ["updated_at", "2015-07-31 21:03:42.493394"]]
  [1m[36m (5.0ms)[0m  [1mcommit transaction[0m
Redirected to http://localhost:3000/users/1
Completed 302 Found in 23ms (ActiveRecord: 6.0ms)


Started GET "/users/1" for ::1 at 2015-08-01 09:03:42 +1200
Processing by UsersController#show as HTML
  Parameters: {"id"=>"1"}
  [1m[35mUser Load (0.0ms)[0m  SELECT  "users".* FROM "users" WHERE "users"."id" = ? LIMIT 1  [["id", 1]]
  Rendered users/show.html.erb within layouts/application (1.0ms)
Completed 200 OK in 129ms (Views: 67.0ms | ActiveRecord: 0.0ms)


Started GET "/users" for ::1 at 2015-08-01 09:03:48 +1200
Processing by UsersController#index as HTML
  [1m[36mUser Load (1.0ms)[0m  [1mSELECT "users".* FROM "users"[0m
  Rendered users/index.html.erb within layouts/application (6.0ms)
Completed 200 OK in 121ms (Views: 117.0ms | ActiveRecord: 1.0ms)


Started GET "/" for ::1 at 2015-08-01 09:03:53 +1200
Processing by Rails::WelcomeController#index as HTML
  Rendered C:/row/Ruby200/lib/ruby/gems/2.0.0/gems/railties-4.2.3/lib/rails/templates/rails/welcome/index.html.erb (0.0ms)
Completed 200 OK in 5ms (Views: 4.0ms | ActiveRecord: 0.0ms)


Started GET "/rails/info/properties" for ::1 at 2015-08-01 09:03:55 +1200
Processing by Rails::InfoController#properties as */*
  [1m[35mActiveRecord::SchemaMigration Load (1.0ms)[0m  SELECT "schema_migrations".* FROM "schema_migrations"
  Rendered C:/row/Ruby200/lib/ruby/gems/2.0.0/gems/railties-4.2.3/lib/rails/templates/rails/info/properties.html.erb (0.0ms)
Completed 200 OK in 44ms (Views: 33.0ms | ActiveRecord: 1.0ms)


Started GET "/" for ::1 at 2015-08-01 12:33:23 +1200
  [1m[36mActiveRecord::SchemaMigration Load (0.0ms)[0m  [1mSELECT "schema_migrations".* FROM "schema_migrations"[0m
Processing by Rails::WelcomeController#index as HTML
  Rendered c:/row/Ruby200/lib/ruby/gems/2.0.0/gems/railties-4.2.3/lib/rails/templates/rails/welcome/index.html.erb (5.0ms)
Completed 200 OK in 47ms (Views: 27.0ms | ActiveRecord: 0.0ms)


Started GET "/users" for ::1 at 2015-08-01 12:33:29 +1200
Processing by UsersController#index as HTML
  [1m[35mUser Load (1.0ms)[0m  SELECT "users".* FROM "users"
  Rendered users/index.html.erb within layouts/application (14.0ms)
Completed 200 OK in 910ms (Views: 900.1ms | ActiveRecord: 3.0ms)


Started GET "/assets/scaffolds.self-1f7b594ee807c0ef345d7d944f592713b431030deb7e58dd384b2cf716a8a5bf.css?body=1" for ::1 at 2015-08-01 12:33:30 +1200


Started GET "/" for ::1 at 2015-08-01 12:33:36 +1200
Processing by Rails::WelcomeController#index as HTML
  Rendered c:/row/Ruby200/lib/ruby/gems/2.0.0/gems/railties-4.2.3/lib/rails/templates/rails/welcome/index.html.erb (0.0ms)
Completed 200 OK in 10ms (Views: 8.0ms | ActiveRecord: 0.0ms)


Started GET "/rails/info/properties" for ::1 at 2015-08-01 12:33:39 +1200
Processing by Rails::InfoController#properties as */*
  [1m[36mActiveRecord::SchemaMigration Load (0.0ms)[0m  [1mSELECT "schema_migrations".* FROM "schema_migrations"[0m
  Rendered c:/row/Ruby200/lib/ruby/gems/2.0.0/gems/railties-4.2.3/lib/rails/templates/rails/info/properties.html.erb (0.0ms)
Completed 200 OK in 87ms (Views: 68.0ms | ActiveRecord: 1.0ms)
